#
# A fatal error has been detected by the Java Runtime Environment:
#
#  SIGSEGV (0xb) at pc=0x00007fff8a3e30d9, pid=12467, tid=1299
#
# JRE version: Java(TM) SE Runtime Environment (8.0_40-b25) (build 1.8.0_40-b25)
# Java VM: Java HotSpot(TM) 64-Bit Server VM (25.40-b25 mixed mode bsd-amd64 compressed oops)
# Problematic frame:
# C  [CoreFoundation+0x270d9]  CFDataGetBytePtr+0x19
#
# Failed to write core dump. Core dumps have been disabled. To enable core dumping, try "ulimit -c unlimited" before starting Java again
#
# If you would like to submit a bug report, please visit:
#   http://bugreport.java.com/bugreport/crash.jsp
# The crash happened outside the Java Virtual Machine in native code.
# See problematic frame for where to report the bug.
#

---------------  T H R E A D  ---------------

Current thread (0x00007fcce4158800):  JavaThread "JavaFX Application Thread" [_thread_in_native, id=1299, stack(0x00007fff5b3fc000,0x00007fff5bbfc000)]

siginfo: si_signo: 11 (SIGSEGV), si_code: 1 (SEGV_MAPERR), si_addr: 0x0000000000000000

Registers:
RAX=0x0000000000006117, RBX=0x0000000000000000, RCX=0x0000000000000000, RDX=0x00007fcce36747d0
RSP=0x00007fff5bbf4b50, RBP=0x00007fff5bbf4b60, RSI=0x00038e0000038e00, RDI=0x0000000000000000
R8 =0x00007fff5bbf4ae0, R9 =0x0000000000000002, R10=0x0000000000000030, R11=0x0000000000000206
R12=0x0000000000006117, R13=0x00007fccebcf1f00, R14=0x0000000000000000, R15=0x0000000000000000
RIP=0x00007fff8a3e30d9, EFLAGS=0x0000000000010246, ERR=0x0000000000000004
  TRAPNO=0x000000000000000e

Top of Stack: (sp=0x00007fff5bbf4b50)
0x00007fff5bbf4b50:   0000000000000000 0000000000000000
0x00007fff5bbf4b60:   00007fff5bbf4bf0 00007fff93007d43
0x00007fff5bbf4b70:   0000002800001200 0000020b00000000
0x00007fff5bbf4b80:   0000728600000000 0000000100000000
0x00007fff5bbf4b90:   0000000000000000 0000000800000000
0x00007fff5bbf4ba0:   00036d8bebcf1f00 00007fccebb83a30
0x00007fff5bbf4bb0:   00007fff00000000 0000000000000000
0x00007fff5bbf4bc0:   000040baebcf1f00 00007fccebb83a30
0x00007fff5bbf4bd0:   0000000000036d8b 00007fff7aee0ab0
0x00007fff5bbf4be0:   00007fccebe53940 00000000000040ba
0x00007fff5bbf4bf0:   00007fff5bbf4c10 00007fff93007c8c
0x00007fff5bbf4c00:   0000000000000003 00007fccebb83a30
0x00007fff5bbf4c10:   00007fff5bbf4c70 00007fff943494db
0x00007fff5bbf4c20:   00007fccebb83a30 0000000000000000
0x00007fff5bbf4c30:   403b000000000000 41dfffffffc00000
0x00007fff5bbf4c40:   4036000000000000 0000000000000000
0x00007fff5bbf4c50:   00007fccebad6ef0 00007fff894d10c0
0x00007fff5bbf4c60:   00000000000040ba 00007fff894d10c0
0x00007fff5bbf4c70:   00007fff5bbf4d40 00007fff94348b99
0x00007fff5bbf4c80:   0000000000000000 408a980000000000
0x00007fff5bbf4c90:   41dfffffffc00000 4036000000000000
0x00007fff5bbf4ca0:   0000000000000000 408a980000000000
0x00007fff5bbf4cb0:   0000000000000000 4036000000000000
0x00007fff5bbf4cc0:   4036000000000000 41dfffffffc00000
0x00007fff5bbf4cd0:   408a980000000000 0000000000000000
0x00007fff5bbf4ce0:   4036000000000000 41dfffffffc00000
0x00007fff5bbf4cf0:   4036000000000000 00007fccebcde660
0x00007fff5bbf4d00:   00007fccebad6ef0 00007fff894d10c0
0x00007fff5bbf4d10:   00007fff894d10c0 0000000000000010
0x00007fff5bbf4d20:   00007fccebad6ef0 00007fff894d10c0
0x00007fff5bbf4d30:   0000000000000000 0000000000000010
0x00007fff5bbf4d40:   00007fff5bbf4e60 00007fff9434823c 

Instructions: (pc=0x00007fff8a3e30d9)
0x00007fff8a3e30b9:   5d c3 0f 1f 44 00 00 55 48 89 e5 41 56 53 48 89
0x00007fff8a3e30c9:   fb 48 83 3d 96 aa 14 ef ff 75 7d f6 c3 01 75 58
0x00007fff8a3e30d9:   48 8b 03 48 85 c0 74 40 48 8d 0d 80 a4 14 ef 48
0x00007fff8a3e30e9:   3b 01 74 34 48 8b 0d 7c aa 14 ef 45 31 f6 48 81 

Register to memory mapping:

RAX=0x0000000000006117 is an unknown value
RBX=0x0000000000000000 is an unknown value
RCX=0x0000000000000000 is an unknown value
RDX=0x00007fcce36747d0 is an unknown value
RSP=0x00007fff5bbf4b50 is pointing into the stack for thread: 0x00007fcce4158800
RBP=0x00007fff5bbf4b60 is pointing into the stack for thread: 0x00007fcce4158800
RSI=0x00038e0000038e00 is an unknown value
RDI=0x0000000000000000 is an unknown value
R8 =0x00007fff5bbf4ae0 is pointing into the stack for thread: 0x00007fcce4158800
R9 =0x0000000000000002 is an unknown value
R10=0x0000000000000030 is an unknown value
R11=0x0000000000000206 is an unknown value
R12=0x0000000000006117 is an unknown value
R13=0x00007fccebcf1f00 is an unknown value
R14=0x0000000000000000 is an unknown value
R15=0x0000000000000000 is an unknown value


Stack: [0x00007fff5b3fc000,0x00007fff5bbfc000],  sp=0x00007fff5bbf4b50,  free space=8162k
Native frames: (J=compiled Java code, j=interpreted, Vv=VM code, C=native code)
C  [CoreFoundation+0x270d9]  CFDataGetBytePtr+0x19
C  [CoreGraphics+0x5bd43]  CGSShapeWindow+0xa9
C  [CoreGraphics+0x5bc8c]  CGSSetWindowShapeWithWeighting+0x18
C  [AppKit+0xd44db]  _NXPlaceWindow+0xa2
C  [AppKit+0xd3b99]  -[NSWindow _setFrame:updateBorderViewSize:]+0x380
C  [AppKit+0xd323c]  -[NSWindow _oldPlaceWindow:]+0x45e
C  [AppKit+0xd262d]  -[NSWindow _setFrameCommon:display:stashSize:]+0xa02
C  [AppKit+0x18f985]  -[NSWindow setFrame:display:animate:]+0x93
C  [libglass.dylib+0x22575]  -[GlassWindow(Java) _setFlipFrame:display:animate:]+0xa5
C  [libglass.dylib+0x22164]  -[GlassWindow(Java) _setWindowFrameWithRect:withDisplay:withAnimate:]+0x84
C  [libglass.dylib+0x22390]  -[GlassWindow(Java) _setBounds:y:xSet:ySet:w:h:cw:ch:]+0x220
C  [libglass.dylib+0x25b6d]  Java_com_sun_glass_ui_mac_MacWindow__1setBounds+0x1ad
j  com.sun.glass.ui.mac.MacWindow._setBounds(JIIZZIIIIFF)V+0
j  com.sun.glass.ui.Window.setBounds(IIZZIIIIFF)V+29
j  com.sun.javafx.tk.quantum.WindowStage.setBounds(FFZZFFFFFF)V+39
J 4393 C1 javafx.stage.Window$TKBoundsConfigurator.apply()V (120 bytes) @ 0x0000000106caf9a4 [0x0000000106caf3e0+0x5c4]
j  javafx.stage.Window.applyBounds()V+4
j  javafx.stage.Window.adjustSize(Z)V+198
j  javafx.stage.Window.access$600(Ljavafx/stage/Window;Z)V+2
j  javafx.stage.Window$9.invalidated()V+281
J 2488 C1 javafx.beans.property.BooleanPropertyBase.set(Z)V (110 bytes) @ 0x0000000106aae9a4 [0x0000000106aae2a0+0x704]
j  javafx.stage.Window.setShowing(Z)V+11
j  javafx.stage.Window.show()V+2
j  javafx.stage.Stage.show()V+1
j  at.ac.tuwien.qse.sepm.gui.FullscreenWindow.present(Ljava/util/List;)V+39
j  at.ac.tuwien.qse.sepm.gui.Organizer.handlePresent(Ljavafx/event/Event;)V+16
j  at.ac.tuwien.qse.sepm.gui.Organizer$$Lambda$100.handle(Ljavafx/event/Event;)V+11
j  com.sun.javafx.event.CompositeEventHandler.dispatchBubblingEvent(Ljavafx/event/Event;)V+51
J 3766 C1 com.sun.javafx.event.EventHandlerManager.dispatchBubblingEvent(Ljavafx/event/Event;)Ljavafx/event/Event; (23 bytes) @ 0x000000010673d464 [0x000000010673cdc0+0x6a4]
J 3765 C1 com.sun.javafx.event.CompositeEventDispatcher.dispatchBubblingEvent(Ljavafx/event/Event;)Ljavafx/event/Event; (35 bytes) @ 0x000000010673c71c [0x000000010673c560+0x1bc]
J 3826 C1 com.sun.javafx.event.BasicEventDispatcher.dispatchEvent(Ljavafx/event/Event;Ljavafx/event/EventDispatchChain;)Ljavafx/event/Event; (44 bytes) @ 0x0000000106cc6af4 [0x0000000106cc67c0+0x334]
J 3722 C1 com.sun.javafx.event.EventDispatchChainImpl.dispatchEvent(Ljavafx/event/Event;)Ljavafx/event/Event; (101 bytes) @ 0x0000000106584f94 [0x0000000106584de0+0x1b4]
J 3826 C1 com.sun.javafx.event.BasicEventDispatcher.dispatchEvent(Ljavafx/event/Event;Ljavafx/event/EventDispatchChain;)Ljavafx/event/Event; (44 bytes) @ 0x0000000106cc6a0c [0x0000000106cc67c0+0x24c]
J 3722 C1 com.sun.javafx.event.EventDispatchChainImpl.dispatchEvent(Ljavafx/event/Event;)Ljavafx/event/Event; (101 bytes) @ 0x0000000106584f94 [0x0000000106584de0+0x1b4]
J 3826 C1 com.sun.javafx.event.BasicEventDispatcher.dispatchEvent(Ljavafx/event/Event;Ljavafx/event/EventDispatchChain;)Ljavafx/event/Event; (44 bytes) @ 0x0000000106cc6a0c [0x0000000106cc67c0+0x24c]
J 3722 C1 com.sun.javafx.event.EventDispatchChainImpl.dispatchEvent(Ljavafx/event/Event;)Ljavafx/event/Event; (101 bytes) @ 0x0000000106584f94 [0x0000000106584de0+0x1b4]
J 4400 C1 com.sun.javafx.event.EventUtil.fireEvent(Ljavafx/event/EventTarget;Ljavafx/event/Event;)Ljavafx/event/Event; (81 bytes) @ 0x0000000106a0c11c [0x0000000106a0b540+0xbdc]
J 4399 C1 javafx.event.Event.fireEvent(Ljavafx/event/EventTarget;Ljavafx/event/Event;)V (35 bytes) @ 0x0000000106a6972c [0x0000000106a69660+0xcc]
j  javafx.scene.Node.fireEvent(Ljavafx/event/Event;)V+86
j  javafx.scene.control.Button.fire()V+15
j  com.sun.javafx.scene.control.behavior.ButtonBehavior.mouseReleased(Ljavafx/scene/input/MouseEvent;)V+23
j  com.sun.javafx.scene.control.skin.BehaviorSkinBase$1.handle(Ljavafx/scene/input/MouseEvent;)V+83
j  com.sun.javafx.scene.control.skin.BehaviorSkinBase$1.handle(Ljavafx/event/Event;)V+5
j  com.sun.javafx.event.CompositeEventHandler$NormalEventHandlerRecord.handleBubblingEvent(Ljavafx/event/Event;)V+5
j  com.sun.javafx.event.CompositeEventHandler.dispatchBubblingEvent(Ljavafx/event/Event;)V+28
J 3766 C1 com.sun.javafx.event.EventHandlerManager.dispatchBubblingEvent(Ljavafx/event/Event;)Ljavafx/event/Event; (23 bytes) @ 0x000000010673d464 [0x000000010673cdc0+0x6a4]
J 3765 C1 com.sun.javafx.event.CompositeEventDispatcher.dispatchBubblingEvent(Ljavafx/event/Event;)Ljavafx/event/Event; (35 bytes) @ 0x000000010673c71c [0x000000010673c560+0x1bc]
J 3826 C1 com.sun.javafx.event.BasicEventDispatcher.dispatchEvent(Ljavafx/event/Event;Ljavafx/event/EventDispatchChain;)Ljavafx/event/Event; (44 bytes) @ 0x0000000106cc6af4 [0x0000000106cc67c0+0x334]
J 3722 C1 com.sun.javafx.event.EventDispatchChainImpl.dispatchEvent(Ljavafx/event/Event;)Ljavafx/event/Event; (101 bytes) @ 0x0000000106584f94 [0x0000000106584de0+0x1b4]
J 3826 C1 com.sun.javafx.event.BasicEventDispatcher.dispatchEvent(Ljavafx/event/Event;Ljavafx/event/EventDispatchChain;)Ljavafx/event/Event; (44 bytes) @ 0x0000000106cc6a0c [0x0000000106cc67c0+0x24c]
J 3722 C1 com.sun.javafx.event.EventDispatchChainImpl.dispatchEvent(Ljavafx/event/Event;)Ljavafx/event/Event; (101 bytes) @ 0x0000000106584f94 [0x0000000106584de0+0x1b4]
J 3826 C1 com.sun.javafx.event.BasicEventDispatcher.dispatchEvent(Ljavafx/event/Event;Ljavafx/event/EventDispatchChain;)Ljavafx/event/Event; (44 bytes) @ 0x0000000106cc6a0c [0x0000000106cc67c0+0x24c]
J 3722 C1 com.sun.javafx.event.EventDispatchChainImpl.dispatchEvent(Ljavafx/event/Event;)Ljavafx/event/Event; (101 bytes) @ 0x0000000106584f94 [0x0000000106584de0+0x1b4]
J 4400 C1 com.sun.javafx.event.EventUtil.fireEvent(Ljavafx/event/EventTarget;Ljavafx/event/Event;)Ljavafx/event/Event; (81 bytes) @ 0x0000000106a0bc6c [0x0000000106a0b540+0x72c]
J 4399 C1 javafx.event.Event.fireEvent(Ljavafx/event/EventTarget;Ljavafx/event/Event;)V (35 bytes) @ 0x0000000106a6972c [0x0000000106a69660+0xcc]
j  javafx.scene.Scene$MouseHandler.process(Ljavafx/scene/input/MouseEvent;Z)V+491
j  javafx.scene.Scene$MouseHandler.access$1500(Ljavafx/scene/Scene$MouseHandler;Ljavafx/scene/input/MouseEvent;Z)V+3
j  javafx.scene.Scene.impl_processMouseEvent(Ljavafx/scene/input/MouseEvent;)V+6
j  javafx.scene.Scene$ScenePeerListener.mouseEvent(Ljavafx/event/EventType;DDDDLjavafx/scene/input/MouseButton;ZZZZZZZZZ)V+46
j  com.sun.javafx.tk.quantum.GlassViewEventHandler$MouseEventNotification.run()Ljava/lang/Void;+438
j  com.sun.javafx.tk.quantum.GlassViewEventHandler$MouseEventNotification.run()Ljava/lang/Object;+1
v  ~StubRoutines::call_stub
V  [libjvm.dylib+0x2e036e]  JavaCalls::call_helper(JavaValue*, methodHandle*, JavaCallArguments*, Thread*)+0x6ae
V  [libjvm.dylib+0x33885c]  JVM_DoPrivileged+0x4b8
J 1180  java.security.AccessController.doPrivileged(Ljava/security/PrivilegedAction;Ljava/security/AccessControlContext;)Ljava/lang/Object; (0 bytes) @ 0x0000000106681b55 [0x0000000106681a80+0xd5]
j  com.sun.javafx.tk.quantum.GlassViewEventHandler.lambda$handleMouseEvent$350()Ljava/lang/Void;+11
j  com.sun.javafx.tk.quantum.GlassViewEventHandler$$Lambda$366.get()Ljava/lang/Object;+4
J 3488 C1 com.sun.javafx.tk.quantum.QuantumToolkit.runWithoutRenderLock(Ljava/util/function/Supplier;)Ljava/lang/Object; (49 bytes) @ 0x00000001067e83b4 [0x00000001067e7e80+0x534]
j  com.sun.javafx.tk.quantum.GlassViewEventHandler.handleMouseEvent(Lcom/sun/glass/ui/View;JIIIIIIIZZ)V+103
j  com.sun.glass.ui.View.handleMouseEvent(JIIIIIIIZZ)V+30
j  com.sun.glass.ui.View.notifyMouse(IIIIIIIZZ)V+181
v  ~StubRoutines::call_stub
V  [libjvm.dylib+0x2e036e]  JavaCalls::call_helper(JavaValue*, methodHandle*, JavaCallArguments*, Thread*)+0x6ae
V  [libjvm.dylib+0x316e2a]  jni_invoke_nonstatic(JNIEnv_*, JavaValue*, _jobject*, JNICallType, _jmethodID*, JNI_ArgumentPusher*, Thread*)+0x305
V  [libjvm.dylib+0x3095e5]  jni_CallVoidMethod+0x16b
C  [libglass.dylib+0x2093b]  -[GlassViewDelegate sendJavaMouseEvent:]+0x81b
C  [AppKit+0x7cde57]  -[NSWindow _reallySendEvent:isDelayedEvent:]+0x288
C  [AppKit+0x160d76]  -[NSWindow sendEvent:]+0x1d6
C  [libglass.dylib+0x23455]  -[GlassWindow_Normal sendEvent:]+0x75
C  [AppKit+0x15d312]  -[NSApplication sendEvent:]+0x9c8
C  [AppKit+0x86c68]  -[NSApplication run]+0x2c7
C  [libglass.dylib+0x4f47]  -[GlassApplication runLoop:]+0x6f7
C  [Foundation+0x92d00]  __NSThreadPerformPerform+0x125
C  [CoreFoundation+0x80a01]  __CFRUNLOOP_IS_CALLING_OUT_TO_A_SOURCE0_PERFORM_FUNCTION__+0x11
C  [CoreFoundation+0x72b8d]  __CFRunLoopDoSources0+0x10d
C  [CoreFoundation+0x721bf]  __CFRunLoopRun+0x39f
C  [CoreFoundation+0x71bd8]  CFRunLoopRunSpecific+0x128
C  [java+0x6490]  CreateExecutionEnvironment+0x367
C  [java+0x221c]  JLI_Launch+0x7a0
C  [java+0x84ed]  main+0x65
C  [java+0x1a74]  start+0x34
C  0x0000000000000008

Java frames: (J=compiled Java code, j=interpreted, Vv=VM code)
j  com.sun.glass.ui.mac.MacWindow._setBounds(JIIZZIIIIFF)V+0
j  com.sun.glass.ui.Window.setBounds(IIZZIIIIFF)V+29
j  com.sun.javafx.tk.quantum.WindowStage.setBounds(FFZZFFFFFF)V+39
J 4393 C1 javafx.stage.Window$TKBoundsConfigurator.apply()V (120 bytes) @ 0x0000000106caf9a4 [0x0000000106caf3e0+0x5c4]
j  javafx.stage.Window.applyBounds()V+4
j  javafx.stage.Window.adjustSize(Z)V+198
j  javafx.stage.Window.access$600(Ljavafx/stage/Window;Z)V+2
j  javafx.stage.Window$9.invalidated()V+281
J 2488 C1 javafx.beans.property.BooleanPropertyBase.set(Z)V (110 bytes) @ 0x0000000106aae9a4 [0x0000000106aae2a0+0x704]
j  javafx.stage.Window.setShowing(Z)V+11
j  javafx.stage.Window.show()V+2
j  javafx.stage.Stage.show()V+1
j  at.ac.tuwien.qse.sepm.gui.FullscreenWindow.present(Ljava/util/List;)V+39
j  at.ac.tuwien.qse.sepm.gui.Organizer.handlePresent(Ljavafx/event/Event;)V+16
j  at.ac.tuwien.qse.sepm.gui.Organizer$$Lambda$100.handle(Ljavafx/event/Event;)V+11
j  com.sun.javafx.event.CompositeEventHandler.dispatchBubblingEvent(Ljavafx/event/Event;)V+51
J 3766 C1 com.sun.javafx.event.EventHandlerManager.dispatchBubblingEvent(Ljavafx/event/Event;)Ljavafx/event/Event; (23 bytes) @ 0x000000010673d464 [0x000000010673cdc0+0x6a4]
J 3765 C1 com.sun.javafx.event.CompositeEventDispatcher.dispatchBubblingEvent(Ljavafx/event/Event;)Ljavafx/event/Event; (35 bytes) @ 0x000000010673c71c [0x000000010673c560+0x1bc]
J 3826 C1 com.sun.javafx.event.BasicEventDispatcher.dispatchEvent(Ljavafx/event/Event;Ljavafx/event/EventDispatchChain;)Ljavafx/event/Event; (44 bytes) @ 0x0000000106cc6af4 [0x0000000106cc67c0+0x334]
J 3722 C1 com.sun.javafx.event.EventDispatchChainImpl.dispatchEvent(Ljavafx/event/Event;)Ljavafx/event/Event; (101 bytes) @ 0x0000000106584f94 [0x0000000106584de0+0x1b4]
J 3826 C1 com.sun.javafx.event.BasicEventDispatcher.dispatchEvent(Ljavafx/event/Event;Ljavafx/event/EventDispatchChain;)Ljavafx/event/Event; (44 bytes) @ 0x0000000106cc6a0c [0x0000000106cc67c0+0x24c]
J 3722 C1 com.sun.javafx.event.EventDispatchChainImpl.dispatchEvent(Ljavafx/event/Event;)Ljavafx/event/Event; (101 bytes) @ 0x0000000106584f94 [0x0000000106584de0+0x1b4]
J 3826 C1 com.sun.javafx.event.BasicEventDispatcher.dispatchEvent(Ljavafx/event/Event;Ljavafx/event/EventDispatchChain;)Ljavafx/event/Event; (44 bytes) @ 0x0000000106cc6a0c [0x0000000106cc67c0+0x24c]
J 3722 C1 com.sun.javafx.event.EventDispatchChainImpl.dispatchEvent(Ljavafx/event/Event;)Ljavafx/event/Event; (101 bytes) @ 0x0000000106584f94 [0x0000000106584de0+0x1b4]
J 4400 C1 com.sun.javafx.event.EventUtil.fireEvent(Ljavafx/event/EventTarget;Ljavafx/event/Event;)Ljavafx/event/Event; (81 bytes) @ 0x0000000106a0c11c [0x0000000106a0b540+0xbdc]
J 4399 C1 javafx.event.Event.fireEvent(Ljavafx/event/EventTarget;Ljavafx/event/Event;)V (35 bytes) @ 0x0000000106a6972c [0x0000000106a69660+0xcc]
j  javafx.scene.Node.fireEvent(Ljavafx/event/Event;)V+86
j  javafx.scene.control.Button.fire()V+15
j  com.sun.javafx.scene.control.behavior.ButtonBehavior.mouseReleased(Ljavafx/scene/input/MouseEvent;)V+23
j  com.sun.javafx.scene.control.skin.BehaviorSkinBase$1.handle(Ljavafx/scene/input/MouseEvent;)V+83
j  com.sun.javafx.scene.control.skin.BehaviorSkinBase$1.handle(Ljavafx/event/Event;)V+5
j  com.sun.javafx.event.CompositeEventHandler$NormalEventHandlerRecord.handleBubblingEvent(Ljavafx/event/Event;)V+5
j  com.sun.javafx.event.CompositeEventHandler.dispatchBubblingEvent(Ljavafx/event/Event;)V+28
J 3766 C1 com.sun.javafx.event.EventHandlerManager.dispatchBubblingEvent(Ljavafx/event/Event;)Ljavafx/event/Event; (23 bytes) @ 0x000000010673d464 [0x000000010673cdc0+0x6a4]
J 3765 C1 com.sun.javafx.event.CompositeEventDispatcher.dispatchBubblingEvent(Ljavafx/event/Event;)Ljavafx/event/Event; (35 bytes) @ 0x000000010673c71c [0x000000010673c560+0x1bc]
J 3826 C1 com.sun.javafx.event.BasicEventDispatcher.dispatchEvent(Ljavafx/event/Event;Ljavafx/event/EventDispatchChain;)Ljavafx/event/Event; (44 bytes) @ 0x0000000106cc6af4 [0x0000000106cc67c0+0x334]
J 3722 C1 com.sun.javafx.event.EventDispatchChainImpl.dispatchEvent(Ljavafx/event/Event;)Ljavafx/event/Event; (101 bytes) @ 0x0000000106584f94 [0x0000000106584de0+0x1b4]
J 3826 C1 com.sun.javafx.event.BasicEventDispatcher.dispatchEvent(Ljavafx/event/Event;Ljavafx/event/EventDispatchChain;)Ljavafx/event/Event; (44 bytes) @ 0x0000000106cc6a0c [0x0000000106cc67c0+0x24c]
J 3722 C1 com.sun.javafx.event.EventDispatchChainImpl.dispatchEvent(Ljavafx/event/Event;)Ljavafx/event/Event; (101 bytes) @ 0x0000000106584f94 [0x0000000106584de0+0x1b4]
J 3826 C1 com.sun.javafx.event.BasicEventDispatcher.dispatchEvent(Ljavafx/event/Event;Ljavafx/event/EventDispatchChain;)Ljavafx/event/Event; (44 bytes) @ 0x0000000106cc6a0c [0x0000000106cc67c0+0x24c]
J 3722 C1 com.sun.javafx.event.EventDispatchChainImpl.dispatchEvent(Ljavafx/event/Event;)Ljavafx/event/Event; (101 bytes) @ 0x0000000106584f94 [0x0000000106584de0+0x1b4]
J 4400 C1 com.sun.javafx.event.EventUtil.fireEvent(Ljavafx/event/EventTarget;Ljavafx/event/Event;)Ljavafx/event/Event; (81 bytes) @ 0x0000000106a0bc6c [0x0000000106a0b540+0x72c]
J 4399 C1 javafx.event.Event.fireEvent(Ljavafx/event/EventTarget;Ljavafx/event/Event;)V (35 bytes) @ 0x0000000106a6972c [0x0000000106a69660+0xcc]
j  javafx.scene.Scene$MouseHandler.process(Ljavafx/scene/input/MouseEvent;Z)V+491
j  javafx.scene.Scene$MouseHandler.access$1500(Ljavafx/scene/Scene$MouseHandler;Ljavafx/scene/input/MouseEvent;Z)V+3
j  javafx.scene.Scene.impl_processMouseEvent(Ljavafx/scene/input/MouseEvent;)V+6
j  javafx.scene.Scene$ScenePeerListener.mouseEvent(Ljavafx/event/EventType;DDDDLjavafx/scene/input/MouseButton;ZZZZZZZZZ)V+46
j  com.sun.javafx.tk.quantum.GlassViewEventHandler$MouseEventNotification.run()Ljava/lang/Void;+438
j  com.sun.javafx.tk.quantum.GlassViewEventHandler$MouseEventNotification.run()Ljava/lang/Object;+1
v  ~StubRoutines::call_stub
J 1180  java.security.AccessController.doPrivileged(Ljava/security/PrivilegedAction;Ljava/security/AccessControlContext;)Ljava/lang/Object; (0 bytes) @ 0x0000000106681ae3 [0x0000000106681a80+0x63]
j  com.sun.javafx.tk.quantum.GlassViewEventHandler.lambda$handleMouseEvent$350()Ljava/lang/Void;+11
j  com.sun.javafx.tk.quantum.GlassViewEventHandler$$Lambda$366.get()Ljava/lang/Object;+4
J 3488 C1 com.sun.javafx.tk.quantum.QuantumToolkit.runWithoutRenderLock(Ljava/util/function/Supplier;)Ljava/lang/Object; (49 bytes) @ 0x00000001067e83b4 [0x00000001067e7e80+0x534]
j  com.sun.javafx.tk.quantum.GlassViewEventHandler.handleMouseEvent(Lcom/sun/glass/ui/View;JIIIIIIIZZ)V+103
j  com.sun.glass.ui.View.handleMouseEvent(JIIIIIIIZZ)V+30
j  com.sun.glass.ui.View.notifyMouse(IIIIIIIZZ)V+181
v  ~StubRoutines::call_stub

---------------  P R O C E S S  ---------------

Java Threads: ( => current thread )
  0x00007fcceb09d000 JavaThread "pool-4-thread-1" [_thread_blocked, id=67711, stack(0x000000012f091000,0x000000012f191000)]
  0x00007fcce4e06000 JavaThread "URL-Loader-20" daemon [_thread_blocked, id=77315, stack(0x00000001305a6000,0x00000001306a6000)]
  0x00007fcce4d8d800 JavaThread "URL-Loader-19" daemon [_thread_blocked, id=76803, stack(0x00000001304a3000,0x00000001305a3000)]
  0x00007fcce4e08800 JavaThread "URL-Loader-18" daemon [_thread_blocked, id=76291, stack(0x00000001303a0000,0x00000001304a0000)]
  0x00007fcce78cd000 JavaThread "URL-Loader-17" daemon [_thread_blocked, id=75779, stack(0x000000013029d000,0x000000013039d000)]
  0x00007fcce56cb800 JavaThread "URL-Loader-16" daemon [_thread_blocked, id=75267, stack(0x000000013019a000,0x000000013029a000)]
  0x00007fcce4dd3000 JavaThread "URL-Loader-15" daemon [_thread_blocked, id=74755, stack(0x0000000130097000,0x0000000130197000)]
  0x00007fcce4eda800 JavaThread "URL-Loader-14" daemon [_thread_blocked, id=74247, stack(0x000000012ff94000,0x0000000130094000)]
  0x00007fcce3f29800 JavaThread "URL-Loader-13" daemon [_thread_blocked, id=72707, stack(0x000000012fa37000,0x000000012fb37000)]
  0x00007fcceb0ae000 JavaThread "URL-Loader-12" daemon [_thread_blocked, id=72195, stack(0x000000012f934000,0x000000012fa34000)]
  0x00007fcce3eba000 JavaThread "URL-Loader-11" daemon [_thread_blocked, id=71683, stack(0x000000012f831000,0x000000012f931000)]
  0x00007fcce49ed000 JavaThread "URL-Loader-10" daemon [_thread_blocked, id=71171, stack(0x000000012f704000,0x000000012f804000)]
  0x00007fcceb0f7000 JavaThread "URL-Loader-9" daemon [_thread_blocked, id=70659, stack(0x000000012f601000,0x000000012f701000)]
  0x00007fcce57b8000 JavaThread "URL-Loader-8" daemon [_thread_blocked, id=70147, stack(0x000000012f452000,0x000000012f552000)]
  0x00007fcce48d2000 JavaThread "URL-Loader-7" daemon [_thread_blocked, id=69639, stack(0x000000012f34f000,0x000000012f44f000)]
  0x00007fcce3e7f000 JavaThread "URL-Loader-6" daemon [_thread_blocked, id=68871, stack(0x000000012eef1000,0x000000012eff1000)]
  0x00007fcce43b9000 JavaThread "URL-Loader-5" daemon [_thread_blocked, id=68355, stack(0x000000012edc4000,0x000000012eec4000)]
  0x00007fcce558c000 JavaThread "URL-Loader-4" daemon [_thread_blocked, id=67923, stack(0x000000012ecc1000,0x000000012edc1000)]
  0x00007fcce5519800 JavaThread "URL-Loader-3" daemon [_thread_blocked, id=66819, stack(0x000000012ea81000,0x000000012eb81000)]
  0x00007fcce4534000 JavaThread "Watchdog-Timer-1" daemon [_thread_blocked, id=66307, stack(0x000000012e931000,0x000000012ea31000)]
  0x00007fcce54ed800 JavaThread "Keep-Alive-Timer" daemon [_thread_blocked, id=66059, stack(0x000000012e728000,0x000000012e828000)]
  0x00007fcce438b000 JavaThread "URL-Loader-2" daemon [_thread_blocked, id=63519, stack(0x000000012b07e000,0x000000012b17e000)]
  0x00007fcce3d13000 JavaThread "URL-Loader-1" daemon [_thread_blocked, id=55043, stack(0x0000000127fc5000,0x00000001280c5000)]
  0x00007fcce4a49000 JavaThread "Disposer" daemon [_thread_blocked, id=54539, stack(0x0000000125b82000,0x0000000125c82000)]
  0x00007fcce4a4e800 JavaThread "Prism Font Disposer" daemon [_thread_blocked, id=48155, stack(0x000000012587f000,0x000000012597f000)]
  0x00007fcce4973800 JavaThread "Thread-5" daemon [_thread_in_native, id=40451, stack(0x000000012367d000,0x00000001236fd000)]
=>0x00007fcce4158800 JavaThread "JavaFX Application Thread" [_thread_in_native, id=1299, stack(0x00007fff5b3fc000,0x00007fff5bbfc000)]
  0x00007fcce49b4800 JavaThread "Thread-3" daemon [_thread_blocked, id=28435, stack(0x000000012068d000,0x000000012078d000)]
  0x00007fcce49ae000 JavaThread "QuantumRenderer-0" daemon [_thread_blocked, id=22787, stack(0x000000011fc8d000,0x000000011fd8d000)]
  0x00007fcce494b800 JavaThread "JavaFX-Launcher" [_thread_blocked, id=22275, stack(0x000000011fb8a000,0x000000011fc8a000)]
  0x00007fcce5058000 JavaThread "Monitor Ctrl-Break" daemon [_thread_in_native, id=21763, stack(0x000000011f53d000,0x000000011f63d000)]
  0x00007fcce3817000 JavaThread "Service Thread" daemon [_thread_blocked, id=20739, stack(0x000000011f119000,0x000000011f219000)]
  0x00007fcce4028800 JavaThread "C1 CompilerThread3" daemon [_thread_blocked, id=20227, stack(0x000000011f016000,0x000000011f116000)]
  0x00007fcce4027800 JavaThread "C2 CompilerThread2" daemon [_thread_blocked, id=19715, stack(0x000000011ef13000,0x000000011f013000)]
  0x00007fcce4027000 JavaThread "C2 CompilerThread1" daemon [_thread_blocked, id=19203, stack(0x000000011ee10000,0x000000011ef10000)]
  0x00007fcce4025800 JavaThread "C2 CompilerThread0" daemon [_thread_blocked, id=18691, stack(0x000000011ed0d000,0x000000011ee0d000)]
  0x00007fcce4024800 JavaThread "Signal Dispatcher" daemon [_thread_blocked, id=15379, stack(0x000000011ec0a000,0x000000011ed0a000)]
  0x00007fcce6000000 JavaThread "Finalizer" daemon [_thread_blocked, id=13571, stack(0x000000011d1fd000,0x000000011d2fd000)]
  0x00007fcce4818800 JavaThread "Reference Handler" daemon [_thread_blocked, id=13059, stack(0x000000011d0fa000,0x000000011d1fa000)]
  0x00007fcce4803800 JavaThread "main" [_thread_blocked, id=4867, stack(0x000000010616a000,0x000000010626a000)]

Other Threads:
  0x00007fcce401e000 VMThread [stack: 0x000000011cff7000,0x000000011d0f7000] [id=12547]
  0x00007fcce3816000 WatcherThread [stack: 0x000000011f21c000,0x000000011f31c000] [id=21251]

VM state:not at safepoint (normal execution)

VM Mutex/Monitor currently owned by a thread: None

Heap:
 PSYoungGen      total 90624K, used 37234K [0x0000000795580000, 0x000000079bd00000, 0x00000007c0000000)
  eden space 81408K, 35% used [0x0000000795580000,0x00000007971851c0,0x000000079a500000)
  from space 9216K, 92% used [0x000000079af00000,0x000000079b757688,0x000000079b800000)
  to   space 10240K, 0% used [0x000000079a500000,0x000000079a500000,0x000000079af00000)
 ParOldGen       total 94720K, used 12844K [0x0000000740000000, 0x0000000745c80000, 0x0000000795580000)
  object space 94720K, 13% used [0x0000000740000000,0x0000000740c8b208,0x0000000745c80000)
 Metaspace       used 38750K, capacity 40296K, committed 40576K, reserved 1085440K
  class space    used 5112K, capacity 5406K, committed 5504K, reserved 1048576K

Card table byte_map: [0x000000011562c000,0x0000000115a2d000] byte_map_base: 0x0000000111c2c000

Marking Bits: (ParMarkBitMap*) 0x0000000105ac27a0
 Begin Bits: [0x00000001164f0000, 0x00000001184f0000)
 End Bits:   [0x00000001184f0000, 0x000000011a4f0000)

Polling page: 0x000000010415d000

CodeCache: size=245760Kb used=11951Kb max_used=11951Kb free=233808Kb
 bounds [0x000000010626c000, 0x0000000106e2c000, 0x000000011526c000]
 total_blobs=4750 nmethods=3887 adapters=775
 compilation: enabled

Compilation events (10 events):
Event: 9.115 Thread 0x00007fcce4025800 4465       4       sun.util.calendar.BaseCalendar::normalizeMonth (117 bytes)
Event: 9.116 Thread 0x00007fcce4025800 nmethod 4465 0x0000000106b01610 code [0x0000000106b01760, 0x0000000106b01858]
Event: 9.116 Thread 0x00007fcce4025800 4470       4       javafx.fxml.FXMLLoader$ControllerAccessor::getAccess (45 bytes)
Event: 9.116 Thread 0x00007fcce4025800 nmethod 4470 0x0000000106824190 code [0x00000001068242c0, 0x0000000106824338]
Event: 9.120 Thread 0x00007fcce4027800 nmethod 4463 0x0000000106e14310 code [0x0000000106e145a0, 0x0000000106e165b0]
Event: 9.135 Thread 0x00007fcce4027000 nmethod 4459 0x0000000106e19250 code [0x0000000106e196e0, 0x0000000106e1bd18]
Event: 9.135 Thread 0x00007fcce4028800 4476       3       java.util.ArrayList::remove (77 bytes)
Event: 9.135 Thread 0x00007fcce4028800 nmethod 4476 0x0000000106e13990 code [0x0000000106e13b60, 0x0000000106e140a8]
Event: 9.136 Thread 0x00007fcce4028800 4479   !   3       javafx.scene.CssStyleHelper::lookup (567 bytes)
Event: 9.138 Thread 0x00007fcce4027000 4487       4       java.lang.StrictMath::floorOrCeil (128 bytes)

GC Heap History (10 events):
Event: 2.325 GC heap before
{Heap before GC invocations=4 (full 1):
 PSYoungGen      total 38400K, used 5112K [0x0000000795580000, 0x000000079a080000, 0x00000007c0000000)
  eden space 33280K, 0% used [0x0000000795580000,0x0000000795580000,0x0000000797600000)
  from space 5120K, 99% used [0x0000000797600000,0x0000000797afe2d8,0x0000000797b00000)
  to   space 5120K, 0% used [0x0000000799b80000,0x0000000799b80000,0x000000079a080000)
 ParOldGen       total 87552K, used 3102K [0x0000000740000000, 0x0000000745580000, 0x0000000795580000)
  object space 87552K, 3% used [0x0000000740000000,0x0000000740307b70,0x0000000745580000)
 Metaspace       used 20755K, capacity 21070K, committed 21248K, reserved 1069056K
  class space    used 2410K, capacity 2538K, committed 2560K, reserved 1048576K
Event: 2.348 GC heap after
Heap after GC invocations=4 (full 1):
 PSYoungGen      total 38400K, used 0K [0x0000000795580000, 0x000000079a080000, 0x00000007c0000000)
  eden space 33280K, 0% used [0x0000000795580000,0x0000000795580000,0x0000000797600000)
  from space 5120K, 0% used [0x0000000797600000,0x0000000797600000,0x0000000797b00000)
  to   space 5120K, 0% used [0x0000000799b80000,0x0000000799b80000,0x000000079a080000)
 ParOldGen       total 54784K, used 5771K [0x0000000740000000, 0x0000000743580000, 0x0000000795580000)
  object space 54784K, 10% used [0x0000000740000000,0x00000007405a2fa0,0x0000000743580000)
 Metaspace       used 20755K, capacity 21070K, committed 21248K, reserved 1069056K
  class space    used 2410K, capacity 2538K, committed 2560K, reserved 1048576K
}
Event: 3.283 GC heap before
{Heap before GC invocations=5 (full 1):
 PSYoungGen      total 38400K, used 33280K [0x0000000795580000, 0x000000079a080000, 0x00000007c0000000)
  eden space 33280K, 100% used [0x0000000795580000,0x0000000797600000,0x0000000797600000)
  from space 5120K, 0% used [0x0000000797600000,0x0000000797600000,0x0000000797b00000)
  to   space 5120K, 0% used [0x0000000799b80000,0x0000000799b80000,0x000000079a080000)
 ParOldGen       total 54784K, used 5771K [0x0000000740000000, 0x0000000743580000, 0x0000000795580000)
  object space 54784K, 10% used [0x0000000740000000,0x00000007405a2fa0,0x0000000743580000)
 Metaspace       used 30075K, capacity 31038K, committed 31232K, reserved 1077248K
  class space    used 4058K, capacity 4255K, committed 4352K, reserved 1048576K
Event: 3.287 GC heap after
Heap after GC invocations=5 (full 1):
 PSYoungGen      total 57344K, used 4818K [0x0000000795580000, 0x000000079a080000, 0x00000007c0000000)
  eden space 52224K, 0% used [0x0000000795580000,0x0000000795580000,0x0000000798880000)
  from space 5120K, 94% used [0x0000000799b80000,0x000000079a0348b0,0x000000079a080000)
  to   space 5120K, 0% used [0x0000000799680000,0x0000000799680000,0x0000000799b80000)
 ParOldGen       total 54784K, used 5779K [0x0000000740000000, 0x0000000743580000, 0x0000000795580000)
  object space 54784K, 10% used [0x0000000740000000,0x00000007405a4fa0,0x0000000743580000)
 Metaspace       used 30075K, capacity 31038K, committed 31232K, reserved 1077248K
  class space    used 4058K, capacity 4255K, committed 4352K, reserved 1048576K
}
Event: 3.735 GC heap before
{Heap before GC invocations=6 (full 1):
 PSYoungGen      total 57344K, used 21068K [0x0000000795580000, 0x000000079a080000, 0x00000007c0000000)
  eden space 52224K, 31% used [0x0000000795580000,0x000000079655e840,0x0000000798880000)
  from space 5120K, 94% used [0x0000000799b80000,0x000000079a0348b0,0x000000079a080000)
  to   space 5120K, 0% used [0x0000000799680000,0x0000000799680000,0x0000000799b80000)
 ParOldGen       total 54784K, used 5779K [0x0000000740000000, 0x0000000743580000, 0x0000000795580000)
  object space 54784K, 10% used [0x0000000740000000,0x00000007405a4fa0,0x0000000743580000)
 Metaspace       used 33966K, capacity 35302K, committed 35416K, reserved 1079296K
  class space    used 4595K, capacity 4849K, committed 4864K, reserved 1048576K
Event: 3.742 GC heap after
Heap after GC invocations=6 (full 1):
 PSYoungGen      total 71680K, used 5108K [0x0000000795580000, 0x000000079b800000, 0x00000007c0000000)
  eden space 66560K, 0% used [0x0000000795580000,0x0000000795580000,0x0000000799680000)
  from space 5120K, 99% used [0x0000000799680000,0x0000000799b7d020,0x0000000799b80000)
  to   space 9216K, 0% used [0x000000079af00000,0x000000079af00000,0x000000079b800000)
 ParOldGen       total 54784K, used 9290K [0x0000000740000000, 0x0000000743580000, 0x0000000795580000)
  object space 54784K, 16% used [0x0000000740000000,0x0000000740912998,0x0000000743580000)
 Metaspace       used 33966K, capacity 35302K, committed 35416K, reserved 1079296K
  class space    used 4595K, capacity 4849K, committed 4864K, reserved 1048576K
}
Event: 3.742 GC heap before
{Heap before GC invocations=7 (full 2):
 PSYoungGen      total 71680K, used 5108K [0x0000000795580000, 0x000000079b800000, 0x00000007c0000000)
  eden space 66560K, 0% used [0x0000000795580000,0x0000000795580000,0x0000000799680000)
  from space 5120K, 99% used [0x0000000799680000,0x0000000799b7d020,0x0000000799b80000)
  to   space 9216K, 0% used [0x000000079af00000,0x000000079af00000,0x000000079b800000)
 ParOldGen       total 54784K, used 9290K [0x0000000740000000, 0x0000000743580000, 0x0000000795580000)
  object space 54784K, 16% used [0x0000000740000000,0x0000000740912998,0x0000000743580000)
 Metaspace       used 33966K, capacity 35302K, committed 35416K, reserved 1079296K
  class space    used 4595K, capacity 4849K, committed 4864K, reserved 1048576K
Event: 3.804 GC heap after
Heap after GC invocations=7 (full 2):
 PSYoungGen      total 71680K, used 0K [0x0000000795580000, 0x000000079b800000, 0x00000007c0000000)
  eden space 66560K, 0% used [0x0000000795580000,0x0000000795580000,0x0000000799680000)
  from space 5120K, 0% used [0x0000000799680000,0x0000000799680000,0x0000000799b80000)
  to   space 9216K, 0% used [0x000000079af00000,0x000000079af00000,0x000000079b800000)
 ParOldGen       total 94720K, used 12836K [0x0000000740000000, 0x0000000745c80000, 0x0000000795580000)
  object space 94720K, 13% used [0x0000000740000000,0x0000000740c89208,0x0000000745c80000)
 Metaspace       used 33966K, capacity 35302K, committed 35416K, reserved 1079296K
  class space    used 4595K, capacity 4849K, committed 4864K, reserved 1048576K
}
Event: 7.281 GC heap before
{Heap before GC invocations=8 (full 2):
 PSYoungGen      total 71680K, used 66560K [0x0000000795580000, 0x000000079b800000, 0x00000007c0000000)
  eden space 66560K, 100% used [0x0000000795580000,0x0000000799680000,0x0000000799680000)
  from space 5120K, 0% used [0x0000000799680000,0x0000000799680000,0x0000000799b80000)
  to   space 9216K, 0% used [0x000000079af00000,0x000000079af00000,0x000000079b800000)
 ParOldGen       total 94720K, used 12836K [0x0000000740000000, 0x0000000745c80000, 0x0000000795580000)
  object space 94720K, 13% used [0x0000000740000000,0x0000000740c89208,0x0000000745c80000)
 Metaspace       used 38457K, capacity 40016K, committed 40320K, reserved 1083392K
  class space    used 5098K, capacity 5404K, committed 5504K, reserved 1048576K
Event: 7.288 GC heap after
Heap after GC invocations=8 (full 2):
 PSYoungGen      total 90624K, used 8541K [0x0000000795580000, 0x000000079bd00000, 0x00000007c0000000)
  eden space 81408K, 0% used [0x0000000795580000,0x0000000795580000,0x000000079a500000)
  from space 9216K, 92% used [0x000000079af00000,0x000000079b757688,0x000000079b800000)
  to   space 10240K, 0% used [0x000000079a500000,0x000000079a500000,0x000000079af00000)
 ParOldGen       total 94720K, used 12844K [0x0000000740000000, 0x0000000745c80000, 0x0000000795580000)
  object space 94720K, 13% used [0x0000000740000000,0x0000000740c8b208,0x0000000745c80000)
 Metaspace       used 38457K, capacity 40016K, committed 40320K, reserved 1083392K
  class space    used 5098K, capacity 5404K, committed 5504K, reserved 1048576K
}

Deoptimization events (10 events):
Event: 7.078 Thread 0x00007fcce4158800 Uncommon trap: reason=class_check action=maybe_recompile pc=0x0000000106caf4b4 method=javafx.scene.Node.updateLocalToParentTransform()V @ 11
Event: 7.078 Thread 0x00007fcce4158800 Uncommon trap: reason=class_check action=maybe_recompile pc=0x0000000106caf4b4 method=javafx.scene.Node.updateLocalToParentTransform()V @ 11
Event: 7.078 Thread 0x00007fcce4158800 Uncommon trap: reason=class_check action=maybe_recompile pc=0x0000000106caf4b4 method=javafx.scene.Node.updateLocalToParentTransform()V @ 11
Event: 7.144 Thread 0x00007fcce49ae000 Uncommon trap: reason=bimorphic action=maybe_recompile pc=0x0000000106a69844 method=java.util.WeakHashMap.eq(Ljava/lang/Object;Ljava/lang/Object;)Z @ 7
Event: 7.144 Thread 0x00007fcce49ae000 Uncommon trap: reason=bimorphic action=maybe_recompile pc=0x0000000106a69844 method=java.util.WeakHashMap.eq(Ljava/lang/Object;Ljava/lang/Object;)Z @ 7
Event: 7.145 Thread 0x00007fcce49ae000 Uncommon trap: reason=bimorphic action=maybe_recompile pc=0x0000000106a69844 method=java.util.WeakHashMap.eq(Ljava/lang/Object;Ljava/lang/Object;)Z @ 7
Event: 7.145 Thread 0x00007fcce49ae000 Uncommon trap: reason=bimorphic action=maybe_recompile pc=0x0000000106a69844 method=java.util.WeakHashMap.eq(Ljava/lang/Object;Ljava/lang/Object;)Z @ 7
Event: 9.062 Thread 0x00007fcce4158800 Uncommon trap: reason=class_check action=maybe_recompile pc=0x00000001064d5ed4 method=java.util.regex.Pattern$Node.study(Ljava/util/regex/Pattern$TreeInfo;)Z @ 12
Event: 9.062 Thread 0x00007fcce4158800 Uncommon trap: reason=class_check action=maybe_recompile pc=0x00000001064d5ed4 method=java.util.regex.Pattern$Node.study(Ljava/util/regex/Pattern$TreeInfo;)Z @ 12
Event: 9.136 Thread 0x00007fcce4158800 Uncommon trap: reason=unstable_if action=reinterpret pc=0x0000000106a95948 method=javafx.scene.CssStyleHelper.lookup(Ljavafx/css/Styleable;Ljavafx/css/CssMetaData;Lcom/sun/javafx/css/StyleMap;Ljava/util/Set;Ljavafx/css/Styleable;Lcom/sun/javafx/css/Calcul

Internal exceptions (10 events):
Event: 2.425 Thread 0x00007fcce4158800 Exception <a 'java/lang/NullPointerException'> (0x0000000795b24d30) thrown at [/Users/java_re/workspace/8-2-build-macosx-x86_64/jdk8u40/2855/hotspot/src/share/vm/prims/jvm.cpp, line 1386]
Event: 2.829 Thread 0x00007fcce4158800 Exception <a 'java/lang/ClassNotFoundException': at/ac/tuwien/qse/sepm/gui/InspectorBeanInfo> (0x00000007964df5b8) thrown at [/Users/java_re/workspace/8-2-build-macosx-x86_64/jdk8u40/2855/hotspot/src/share/vm/classfile/systemDictionary.cpp, line 210]
Event: 2.829 Thread 0x00007fcce4158800 Exception <a 'java/lang/ClassNotFoundException': at/ac/tuwien/qse/sepm/gui/InspectorCustomizer> (0x00000007964ecff8) thrown at [/Users/java_re/workspace/8-2-build-macosx-x86_64/jdk8u40/2855/hotspot/src/share/vm/classfile/systemDictionary.cpp, line 210]
Event: 3.057 Thread 0x00007fcce4158800 Exception <a 'sun/nio/fs/UnixException'> (0x0000000796e863d0) thrown at [/Users/java_re/workspace/8-2-build-macosx-x86_64/jdk8u40/2855/hotspot/src/share/vm/prims/jni.cpp, line 709]
Event: 3.059 Thread 0x00007fcce4158800 Exception <a 'sun/nio/fs/UnixException'> (0x0000000796e883d0) thrown at [/Users/java_re/workspace/8-2-build-macosx-x86_64/jdk8u40/2855/hotspot/src/share/vm/prims/jni.cpp, line 709]
Event: 3.076 Thread 0x00007fcce3d13000 Implicit null exception at 0x000000010686527e to 0x0000000106865655
Event: 3.104 Thread 0x00007fcce4158800 Exception <a 'java/io/FileNotFoundException'> (0x00000007970a2640) thrown at [/Users/java_re/workspace/8-2-build-macosx-x86_64/jdk8u40/2855/hotspot/src/share/vm/prims/jni.cpp, line 709]
Event: 3.306 Thread 0x00007fcce4158800 Implicit null exception at 0x00000001069daee9 to 0x00000001069daf3d
Event: 3.647 Thread 0x00007fcce438b000 Implicit null exception at 0x000000010698703e to 0x00000001069878a9
Event: 7.031 Thread 0x00007fcce4158800 Implicit null exception at 0x0000000106a4621f to 0x0000000106a46905

Events (10 events):
Event: 9.074 loading class javafx/fxml/FXMLLoader$MethodHandler done
Event: 9.074 loading class javafx/fxml/FXMLLoader$ControllerMethodEventHandler
Event: 9.074 loading class javafx/fxml/FXMLLoader$ControllerMethodEventHandler done
Event: 9.077 loading class com/sun/javafx/binding/IntegerConstant
Event: 9.077 loading class com/sun/javafx/binding/IntegerConstant done
Event: 9.079 loading class javafx/beans/binding/Bindings$16
Event: 9.079 loading class javafx/beans/binding/Bindings$16 done
Event: 9.136 Thread 0x00007fcce4158800 Uncommon trap: trap_request=0xffffff65 fr.pc=0x0000000106a95948
Event: 9.136 Thread 0x00007fcce4158800 DEOPT PACKING pc=0x0000000106a95948 sp=0x00007fff5bbf5270
Event: 9.136 Thread 0x00007fcce4158800 DEOPT UNPACKING pc=0x0000000106271229 sp=0x00007fff5bbf5258 mode 2


Dynamic libraries:
0x00000000091cd000 	/System/Library/Frameworks/Cocoa.framework/Versions/A/Cocoa
0x00000000091cd000 	/System/Library/Frameworks/Security.framework/Versions/A/Security
0x00000000091cd000 	/System/Library/Frameworks/ApplicationServices.framework/Versions/A/ApplicationServices
0x00000000091cd000 	/usr/lib/libz.1.dylib
0x00000000091cd000 	/usr/lib/libSystem.B.dylib
0x00000000091cd000 	/usr/lib/libobjc.A.dylib
0x00000000091cd000 	/System/Library/Frameworks/CoreFoundation.framework/Versions/A/CoreFoundation
0x00000000091cd000 	/System/Library/Frameworks/Foundation.framework/Versions/C/Foundation
0x00000000091cd000 	/System/Library/Frameworks/AppKit.framework/Versions/C/AppKit
0x00000000091cd000 	/System/Library/Frameworks/CoreData.framework/Versions/A/CoreData
0x00000000091cd000 	/System/Library/PrivateFrameworks/RemoteViewServices.framework/Versions/A/RemoteViewServices
0x00000000091cd000 	/System/Library/PrivateFrameworks/UIFoundation.framework/Versions/A/UIFoundation
0x00000000091cd000 	/System/Library/Frameworks/IOSurface.framework/Versions/A/IOSurface
0x00000000091cd000 	/System/Library/Frameworks/AudioToolbox.framework/Versions/A/AudioToolbox
0x00000000091cd000 	/System/Library/Frameworks/AudioUnit.framework/Versions/A/AudioUnit
0x00000000091cd000 	/System/Library/PrivateFrameworks/DataDetectorsCore.framework/Versions/A/DataDetectorsCore
0x00000000091cd000 	/System/Library/PrivateFrameworks/DesktopServicesPriv.framework/Versions/A/DesktopServicesPriv
0x00000000091cd000 	/System/Library/Frameworks/Carbon.framework/Versions/A/Frameworks/HIToolbox.framework/Versions/A/HIToolbox
0x00000000091cd000 	/System/Library/Frameworks/QuartzCore.framework/Versions/A/QuartzCore
0x00000000091cd000 	/System/Library/Frameworks/Carbon.framework/Versions/A/Frameworks/SpeechRecognition.framework/Versions/A/SpeechRecognition
0x00000000091cd000 	/usr/lib/libauto.dylib
0x00000000091cd000 	/usr/lib/libicucore.A.dylib
0x00000000091cd000 	/usr/lib/libxml2.2.dylib
0x00000000091cd000 	/System/Library/PrivateFrameworks/CoreUI.framework/Versions/A/CoreUI
0x00000000091cd000 	/System/Library/Frameworks/CoreAudio.framework/Versions/A/CoreAudio
0x00000000091cd000 	/System/Library/Frameworks/DiskArbitration.framework/Versions/A/DiskArbitration
0x00000000091cd000 	/usr/lib/liblangid.dylib
0x00000000091cd000 	/System/Library/PrivateFrameworks/MultitouchSupport.framework/Versions/A/MultitouchSupport
0x00000000091cd000 	/System/Library/Frameworks/IOKit.framework/Versions/A/IOKit
0x00000000091cd000 	/usr/lib/libDiagnosticMessagesClient.dylib
0x00000000091cd000 	/System/Library/Frameworks/CoreServices.framework/Versions/A/CoreServices
0x00000000091cd000 	/System/Library/PrivateFrameworks/PerformanceAnalysis.framework/Versions/A/PerformanceAnalysis
0x00000000091cd000 	/System/Library/PrivateFrameworks/GenerationalStorage.framework/Versions/A/GenerationalStorage
0x00000000091cd000 	/System/Library/Frameworks/OpenGL.framework/Versions/A/OpenGL
0x00000000091cd000 	/System/Library/PrivateFrameworks/Sharing.framework/Versions/A/Sharing
0x00000000091cd000 	/System/Library/Frameworks/CoreGraphics.framework/Versions/A/CoreGraphics
0x00000000091cd000 	/System/Library/Frameworks/CoreText.framework/Versions/A/CoreText
0x00000000091cd000 	/System/Library/Frameworks/ImageIO.framework/Versions/A/ImageIO
0x00000000091cd000 	/usr/lib/libextension.dylib
0x00000000091cd000 	/System/Library/PrivateFrameworks/Backup.framework/Versions/A/Backup
0x00000000091cd000 	/usr/lib/libarchive.2.dylib
0x00000000091cd000 	/System/Library/Frameworks/CFNetwork.framework/Versions/A/CFNetwork
0x00000000091cd000 	/System/Library/Frameworks/SystemConfiguration.framework/Versions/A/SystemConfiguration
0x00000000091cd000 	/usr/lib/libCRFSuite.dylib
0x00000000091cd000 	/usr/lib/libc++.1.dylib
0x00000000091cd000 	/usr/lib/libc++abi.dylib
0x00000000091cd000 	/usr/lib/system/libcache.dylib
0x00000000091cd000 	/usr/lib/system/libcommonCrypto.dylib
0x00000000091cd000 	/usr/lib/system/libcompiler_rt.dylib
0x00000000091cd000 	/usr/lib/system/libcopyfile.dylib
0x00000000091cd000 	/usr/lib/system/libcorecrypto.dylib
0x00000000091cd000 	/usr/lib/system/libdispatch.dylib
0x00000000091cd000 	/usr/lib/system/libdyld.dylib
0x00000000091cd000 	/usr/lib/system/libkeymgr.dylib
0x00000000091cd000 	/usr/lib/system/liblaunch.dylib
0x00000000091cd000 	/usr/lib/system/libmacho.dylib
0x00000000091cd000 	/usr/lib/system/libquarantine.dylib
0x00000000091cd000 	/usr/lib/system/libremovefile.dylib
0x00000000091cd000 	/usr/lib/system/libsystem_asl.dylib
0x00000000091cd000 	/usr/lib/system/libsystem_blocks.dylib
0x00000000091cd000 	/usr/lib/system/libsystem_c.dylib
0x00000000091cd000 	/usr/lib/system/libsystem_configuration.dylib
0x00000000091cd000 	/usr/lib/system/libsystem_coreservices.dylib
0x00000000091cd000 	/usr/lib/system/libsystem_coretls.dylib
0x00000000091cd000 	/usr/lib/system/libsystem_dnssd.dylib
0x00000000091cd000 	/usr/lib/system/libsystem_info.dylib
0x00000000091cd000 	/usr/lib/system/libsystem_kernel.dylib
0x00000000091cd000 	/usr/lib/system/libsystem_m.dylib
0x00000000091cd000 	/usr/lib/system/libsystem_malloc.dylib
0x00000000091cd000 	/usr/lib/system/libsystem_network.dylib
0x00000000091cd000 	/usr/lib/system/libsystem_networkextension.dylib
0x00000000091cd000 	/usr/lib/system/libsystem_notify.dylib
0x00000000091cd000 	/usr/lib/system/libsystem_platform.dylib
0x00000000091cd000 	/usr/lib/system/libsystem_pthread.dylib
0x00000000091cd000 	/usr/lib/system/libsystem_sandbox.dylib
0x00000000091cd000 	/usr/lib/system/libsystem_secinit.dylib
0x00000000091cd000 	/usr/lib/system/libsystem_stats.dylib
0x00000000091cd000 	/usr/lib/system/libsystem_trace.dylib
0x00000000091cd000 	/usr/lib/system/libunc.dylib
0x00000000091cd000 	/usr/lib/system/libunwind.dylib
0x00000000091cd000 	/usr/lib/system/libxpc.dylib
0x00000000091cd000 	/usr/lib/libbz2.1.0.dylib
0x00000000091cd000 	/usr/lib/liblzma.5.dylib
0x00000000091cd000 	/usr/lib/libbsm.0.dylib
0x00000000091cd000 	/usr/lib/libsqlite3.dylib
0x00000000091cd000 	/usr/lib/system/libkxld.dylib
0x00000000091cd000 	/usr/lib/libxar.1.dylib
0x00000000091cd000 	/usr/lib/libpam.2.dylib
0x00000000091cd000 	/usr/lib/libOpenScriptingUtil.dylib
0x00000000091cd000 	/System/Library/Frameworks/CoreServices.framework/Versions/A/Frameworks/FSEvents.framework/Versions/A/FSEvents
0x00000000091cd000 	/System/Library/Frameworks/CoreServices.framework/Versions/A/Frameworks/CarbonCore.framework/Versions/A/CarbonCore
0x00000000091cd000 	/System/Library/Frameworks/CoreServices.framework/Versions/A/Frameworks/Metadata.framework/Versions/A/Metadata
0x00000000091cd000 	/System/Library/Frameworks/CoreServices.framework/Versions/A/Frameworks/OSServices.framework/Versions/A/OSServices
0x00000000091cd000 	/System/Library/Frameworks/CoreServices.framework/Versions/A/Frameworks/SearchKit.framework/Versions/A/SearchKit
0x00000000091cd000 	/System/Library/Frameworks/CoreServices.framework/Versions/A/Frameworks/AE.framework/Versions/A/AE
0x00000000091cd000 	/System/Library/Frameworks/CoreServices.framework/Versions/A/Frameworks/LaunchServices.framework/Versions/A/LaunchServices
0x00000000091cd000 	/System/Library/Frameworks/CoreServices.framework/Versions/A/Frameworks/DictionaryServices.framework/Versions/A/DictionaryServices
0x00000000091cd000 	/System/Library/Frameworks/NetFS.framework/Versions/A/NetFS
0x00000000091cd000 	/System/Library/PrivateFrameworks/NetAuth.framework/Versions/A/NetAuth
0x00000000091cd000 	/System/Library/PrivateFrameworks/login.framework/Versions/A/Frameworks/loginsupport.framework/Versions/A/loginsupport
0x00000000091cd000 	/System/Library/PrivateFrameworks/TCC.framework/Versions/A/TCC
0x00000000091cd000 	/usr/lib/libmecabra.dylib
0x00000000091cd000 	/System/Library/Frameworks/ApplicationServices.framework/Versions/A/Frameworks/ATS.framework/Versions/A/ATS
0x00000000091cd000 	/System/Library/Frameworks/ApplicationServices.framework/Versions/A/Frameworks/ColorSync.framework/Versions/A/ColorSync
0x00000000091cd000 	/System/Library/Frameworks/ApplicationServices.framework/Versions/A/Frameworks/HIServices.framework/Versions/A/HIServices
0x00000000091cd000 	/System/Library/Frameworks/ApplicationServices.framework/Versions/A/Frameworks/LangAnalysis.framework/Versions/A/LangAnalysis
0x00000000091cd000 	/System/Library/Frameworks/ApplicationServices.framework/Versions/A/Frameworks/PrintCore.framework/Versions/A/PrintCore
0x00000000091cd000 	/System/Library/Frameworks/ApplicationServices.framework/Versions/A/Frameworks/QD.framework/Versions/A/QD
0x00000000091cd000 	/System/Library/Frameworks/ApplicationServices.framework/Versions/A/Frameworks/SpeechSynthesis.framework/Versions/A/SpeechSynthesis
0x00000000091cd000 	/System/Library/Frameworks/Accelerate.framework/Versions/A/Accelerate
0x00000000091cd000 	/System/Library/Frameworks/Accelerate.framework/Versions/A/Frameworks/vImage.framework/Versions/A/vImage
0x00000000091cd000 	/System/Library/Frameworks/Accelerate.framework/Versions/A/Frameworks/vecLib.framework/Versions/A/vecLib
0x00000000091cd000 	/System/Library/Frameworks/Accelerate.framework/Versions/A/Frameworks/vecLib.framework/Versions/A/libvDSP.dylib
0x00000000091cd000 	/System/Library/Frameworks/Accelerate.framework/Versions/A/Frameworks/vecLib.framework/Versions/A/libvMisc.dylib
0x00000000091cd000 	/System/Library/Frameworks/Accelerate.framework/Versions/A/Frameworks/vecLib.framework/Versions/A/libLAPACK.dylib
0x00000000091cd000 	/System/Library/Frameworks/Accelerate.framework/Versions/A/Frameworks/vecLib.framework/Versions/A/libBLAS.dylib
0x00000000091cd000 	/System/Library/Frameworks/Accelerate.framework/Versions/A/Frameworks/vecLib.framework/Versions/A/libLinearAlgebra.dylib
0x00000000091cd000 	/System/Library/Frameworks/ApplicationServices.framework/Versions/A/Frameworks/ATS.framework/Versions/A/Resources/libFontParser.dylib
0x00000000091cd000 	/System/Library/Frameworks/ApplicationServices.framework/Versions/A/Frameworks/ATS.framework/Versions/A/Resources/libFontRegistry.dylib
0x00000000091cd000 	/System/Library/PrivateFrameworks/AppleVPA.framework/Versions/A/AppleVPA
0x00000000091cd000 	/System/Library/PrivateFrameworks/AppleJPEG.framework/Versions/A/AppleJPEG
0x00000000091cd000 	/System/Library/Frameworks/ImageIO.framework/Versions/A/Resources/libJPEG.dylib
0x00000000091cd000 	/System/Library/Frameworks/ImageIO.framework/Versions/A/Resources/libTIFF.dylib
0x00000000091cd000 	/System/Library/Frameworks/ImageIO.framework/Versions/A/Resources/libPng.dylib
0x00000000091cd000 	/System/Library/Frameworks/ImageIO.framework/Versions/A/Resources/libGIF.dylib
0x00000000091cd000 	/System/Library/Frameworks/ImageIO.framework/Versions/A/Resources/libJP2.dylib
0x00000000091cd000 	/System/Library/Frameworks/ImageIO.framework/Versions/A/Resources/libRadiance.dylib
0x00000000091cd000 	/System/Library/Frameworks/CoreVideo.framework/Versions/A/CoreVideo
0x00000000091cd000 	/System/Library/Frameworks/OpenGL.framework/Versions/A/Libraries/libGLU.dylib
0x00000000091cd000 	/System/Library/Frameworks/OpenGL.framework/Versions/A/Libraries/libGFXShared.dylib
0x00000000091cd000 	/System/Library/Frameworks/OpenGL.framework/Versions/A/Libraries/libGL.dylib
0x00000000091cd000 	/System/Library/Frameworks/OpenGL.framework/Versions/A/Libraries/libGLImage.dylib
0x00000000091cd000 	/System/Library/Frameworks/OpenGL.framework/Versions/A/Libraries/libCVMSPluginSupport.dylib
0x00000000091cd000 	/System/Library/Frameworks/OpenGL.framework/Versions/A/Libraries/libCoreVMClient.dylib
0x00000000091cd000 	/usr/lib/libcups.2.dylib
0x00000000091cd000 	/System/Library/Frameworks/Kerberos.framework/Versions/A/Kerberos
0x00000000091cd000 	/System/Library/Frameworks/GSS.framework/Versions/A/GSS
0x00000000091cd000 	/usr/lib/libresolv.9.dylib
0x00000000091cd000 	/usr/lib/libiconv.2.dylib
0x00000000091cd000 	/System/Library/PrivateFrameworks/Heimdal.framework/Versions/A/Heimdal
0x00000000091cd000 	/usr/lib/libheimdal-asn1.dylib
0x00000000091cd000 	/System/Library/Frameworks/OpenDirectory.framework/Versions/A/OpenDirectory
0x00000000091cd000 	/System/Library/PrivateFrameworks/CommonAuth.framework/Versions/A/CommonAuth
0x00000000091cd000 	/System/Library/Frameworks/OpenDirectory.framework/Versions/A/Frameworks/CFOpenDirectory.framework/Versions/A/CFOpenDirectory
0x00000000091cd000 	/System/Library/Frameworks/SecurityFoundation.framework/Versions/A/SecurityFoundation
0x00000000091cd000 	/System/Library/PrivateFrameworks/LanguageModeling.framework/Versions/A/LanguageModeling
0x00000000091cd000 	/usr/lib/libcmph.dylib
0x00000000091cd000 	/System/Library/Frameworks/ServiceManagement.framework/Versions/A/ServiceManagement
0x00000000091cd000 	/usr/lib/libxslt.1.dylib
0x00000000091cd000 	/System/Library/Frameworks/Carbon.framework/Versions/A/Frameworks/Ink.framework/Versions/A/Ink
0x00000000091cd000 	/System/Library/Frameworks/QuartzCore.framework/Versions/A/Frameworks/CoreImage.framework/Versions/A/CoreImage
0x00000000091cd000 	/System/Library/PrivateFrameworks/CrashReporterSupport.framework/Versions/A/CrashReporterSupport
0x00000000091cd000 	/System/Library/Frameworks/OpenCL.framework/Versions/A/OpenCL
0x00000000091cd000 	/System/Library/PrivateFrameworks/FaceCore.framework/Versions/A/FaceCore
0x00000000091cd000 	/System/Library/PrivateFrameworks/Ubiquity.framework/Versions/A/Ubiquity
0x00000000091cd000 	/System/Library/PrivateFrameworks/IconServices.framework/Versions/A/IconServices
0x00000000091cd000 	/System/Library/PrivateFrameworks/ChunkingLibrary.framework/Versions/A/ChunkingLibrary
0x00000000091cd000 	/System/Library/PrivateFrameworks/Apple80211.framework/Versions/A/Apple80211
0x00000000091cd000 	/System/Library/Frameworks/CoreWLAN.framework/Versions/A/CoreWLAN
0x00000000091cd000 	/System/Library/Frameworks/IOBluetooth.framework/Versions/A/IOBluetooth
0x00000000091cd000 	/System/Library/PrivateFrameworks/CoreWiFi.framework/Versions/A/CoreWiFi
0x00000000091cd000 	/System/Library/Frameworks/CoreBluetooth.framework/Versions/A/CoreBluetooth
0x00000000091cd000 	/System/Library/PrivateFrameworks/DebugSymbols.framework/Versions/A/DebugSymbols
0x00000000091cd000 	/System/Library/PrivateFrameworks/CoreSymbolication.framework/Versions/A/CoreSymbolication
0x00000000091cd000 	/System/Library/PrivateFrameworks/Symbolication.framework/Versions/A/Symbolication
0x00000000091cd000 	/System/Library/PrivateFrameworks/SpeechRecognitionCore.framework/Versions/A/SpeechRecognitionCore
0x0000000105200000 	/Library/Java/JavaVirtualMachines/jdk1.8.0_40.jdk/Contents/Home/jre/lib/server/libjvm.dylib
0x00000000091cd000 	/usr/lib/libstdc++.6.dylib
0x000000010411a000 	/Library/Java/JavaVirtualMachines/jdk1.8.0_40.jdk/Contents/Home/jre/lib/libverify.dylib
0x0000000104128000 	/Library/Java/JavaVirtualMachines/jdk1.8.0_40.jdk/Contents/Home/jre/lib/libjava.dylib
0x0000000104167000 	/Library/Java/JavaVirtualMachines/jdk1.8.0_40.jdk/Contents/Home/jre/lib/libzip.dylib
0x00000001041e1000 	/System/Library/Frameworks/JavaVM.framework/Frameworks/JavaRuntimeSupport.framework/JavaRuntimeSupport
0x000000011d2ff000 	/System/Library/Frameworks/JavaVM.framework/Versions/A/Frameworks/JavaNativeFoundation.framework/Versions/A/JavaNativeFoundation
0x000000011d314000 	/System/Library/Frameworks/JavaVM.framework/Versions/A/JavaVM
0x00000000091cd000 	/System/Library/Frameworks/Carbon.framework/Versions/A/Carbon
0x000000011d321000 	/System/Library/PrivateFrameworks/JavaLaunching.framework/Versions/A/JavaLaunching
0x00000000091cd000 	/System/Library/Frameworks/Carbon.framework/Versions/A/Frameworks/CommonPanels.framework/Versions/A/CommonPanels
0x00000000091cd000 	/System/Library/Frameworks/Carbon.framework/Versions/A/Frameworks/Help.framework/Versions/A/Help
0x00000000091cd000 	/System/Library/Frameworks/Carbon.framework/Versions/A/Frameworks/ImageCapture.framework/Versions/A/ImageCapture
0x00000000091cd000 	/System/Library/Frameworks/Carbon.framework/Versions/A/Frameworks/OpenScripting.framework/Versions/A/OpenScripting
0x00000000091cd000 	/System/Library/Frameworks/Carbon.framework/Versions/A/Frameworks/Print.framework/Versions/A/Print
0x00000000091cd000 	/System/Library/Frameworks/Carbon.framework/Versions/A/Frameworks/SecurityHI.framework/Versions/A/SecurityHI
0x000000011f539000 	/Applications/IntelliJ IDEA 14 CE.app/Contents/bin/libbreakgen64.jnilib
0x000000011f6d5000 	/Library/Java/JavaVirtualMachines/jdk1.8.0_40.jdk/Contents/Home/jre/lib/libnet.dylib
0x000000011f734000 	/Library/Java/JavaVirtualMachines/jdk1.8.0_40.jdk/Contents/Home/jre/lib/libmanagement.dylib
0x000000011fb79000 	/Library/Java/JavaVirtualMachines/jdk1.8.0_40.jdk/Contents/Home/jre/lib/libnio.dylib
0x000000011fd8f000 	/Library/Java/JavaVirtualMachines/jdk1.8.0_40.jdk/Contents/Home/jre/lib/libprism_es2.dylib
0x00000000091cd000 	/System/Library/Frameworks/OpenGL.framework/Versions/A/Resources/GLEngine.bundle/GLEngine
0x00000000091cd000 	/System/Library/Frameworks/OpenGL.framework/Versions/A/Libraries/libGLProgrammability.dylib
0x0000000000000000 	/System/Library/Extensions/AppleIntelHD4000GraphicsGLDriver.bundle/Contents/MacOS/AppleIntelHD4000GraphicsGLDriver
0x00000000091cd000 	/System/Library/PrivateFrameworks/IOAccelerator.framework/Versions/A/IOAccelerator
0x00000000091cd000 	/System/Library/PrivateFrameworks/GPUSupport.framework/Versions/A/Libraries/libGPUSupportMercury.dylib
0x0000000000000000 	/System/Library/Extensions/GeForceGLDriver.bundle/Contents/MacOS/GeForceGLDriver
0x00000000091cd000 	/System/Library/Extensions/GeForceGLDriver.bundle/Contents/MacOS/libclh.dylib
0x00000000091cd000 	/System/Library/Frameworks/OpenGL.framework/Versions/A/Resources/GLRendererFloat.bundle/GLRendererFloat
0x00000000091cd000 	/System/Library/Frameworks/OpenCL.framework/Versions/A/Libraries/libcldcpuengine.dylib
0x00000000091cd000 	/System/Library/PrivateFrameworks/DiskImages.framework/Versions/A/DiskImages
0x00000000091cd000 	/System/Library/Frameworks/DiscRecording.framework/Versions/A/DiscRecording
0x00000000091cd000 	/usr/lib/libcsfde.dylib
0x00000000091cd000 	/usr/lib/libcurl.4.dylib
0x00000000091cd000 	/System/Library/PrivateFrameworks/MediaKit.framework/Versions/A/MediaKit
0x00000000091cd000 	/System/Library/PrivateFrameworks/ProtectedCloudStorage.framework/Versions/A/ProtectedCloudStorage
0x00000000091cd000 	/usr/lib/libCoreStorage.dylib
0x00000000091cd000 	/System/Library/PrivateFrameworks/EFILogin.framework/Versions/A/EFILogin
0x00000000091cd000 	/usr/lib/libutil.dylib
0x00000000091cd000 	/System/Library/PrivateFrameworks/FindMyDevice.framework/Versions/A/FindMyDevice
0x00000000091cd000 	/System/Library/Frameworks/LDAP.framework/Versions/A/LDAP
0x00000000091cd000 	/usr/lib/libsasl2.2.dylib
0x00000000091cd000 	/System/Library/PrivateFrameworks/CoreDaemon.framework/Versions/B/CoreDaemon
0x00000000091cd000 	/usr/lib/libcrypto.0.9.8.dylib
0x00000000091cd000 	/System/Library/PrivateFrameworks/AppleSRP.framework/Versions/A/AppleSRP
0x00000000091cd000 	/System/Library/PrivateFrameworks/TrustEvaluationAgent.framework/Versions/A/TrustEvaluationAgent
0x000000012062e000 	/Library/Java/JavaVirtualMachines/jdk1.8.0_40.jdk/Contents/Home/jre/lib/libglass.dylib
0x00000000091cd000 	/System/Library/PrivateFrameworks/CoreServicesInternal.framework/Versions/A/CoreServicesInternal
0x00000000091cd000 	/System/Library/PrivateFrameworks/CloudDocs.framework/Versions/A/CloudDocs
0x00000000091cd000 	/System/Library/PrivateFrameworks/CoreDuet.framework/Versions/A/CoreDuet
0x00000000091cd000 	/System/Library/Frameworks/CloudKit.framework/Versions/A/CloudKit
0x00000000091cd000 	/System/Library/PrivateFrameworks/ProtocolBuffer.framework/Versions/A/ProtocolBuffer
0x00000000091cd000 	/System/Library/PrivateFrameworks/CoreDuetDaemonProtocol.framework/Versions/A/CoreDuetDaemonProtocol
0x00000000091cd000 	/System/Library/PrivateFrameworks/CoreDuetDebugLogging.framework/Versions/A/CoreDuetDebugLogging
0x00000000091cd000 	/System/Library/PrivateFrameworks/MMCS.framework/Versions/A/MMCS
0x00000000091cd000 	/System/Library/Frameworks/CoreLocation.framework/Versions/A/CoreLocation
0x00000000091cd000 	/System/Library/PrivateFrameworks/GeoServices.framework/Versions/A/GeoServices
0x00000000091cd000 	/System/Library/Frameworks/CoreGraphics.framework/Versions/A/Resources/libCGCMS.A.dylib
0x00000000091cd000 	/System/Library/CoreServices/RawCamera.bundle/Contents/MacOS/RawCamera
0x00000000091cd000 	/System/Library/Frameworks/CoreGraphics.framework/Versions/A/Resources/libRIP.A.dylib
0x00000000091cd000 	/System/Library/PrivateFrameworks/FamilyControls.framework/Versions/A/FamilyControls
0x00000000091cd000 	/System/Library/PrivateFrameworks/CommerceKit.framework/Versions/A/Frameworks/CommerceCore.framework/Versions/A/CommerceCore
0x00000000091cd000 	/System/Library/PrivateFrameworks/SystemAdministration.framework/Versions/A/SystemAdministration
0x00000000091cd000 	/System/Library/PrivateFrameworks/AppContainer.framework/Versions/A/AppContainer
0x00000000091cd000 	/System/Library/PrivateFrameworks/SecCodeWrapper.framework/Versions/A/SecCodeWrapper
0x00000000091cd000 	/System/Library/Frameworks/DirectoryService.framework/Versions/A/DirectoryService
0x00000000091cd000 	/System/Library/PrivateFrameworks/LoginUIKit.framework/Versions/A/Frameworks/LoginUICore.framework/Versions/A/LoginUICore
0x00000000091cd000 	/usr/lib/libodfde.dylib
0x000000011f864000 	/Library/Java/JavaVirtualMachines/jdk1.8.0_40.jdk/Contents/Home/jre/lib/libjavafx_font.dylib
0x00000000091cd000 	/System/Library/Frameworks/CoreGraphics.framework/Versions/A/Resources/libCGXType.A.dylib
0x0000000125f7e000 	/Library/Java/JavaVirtualMachines/jdk1.8.0_40.jdk/Contents/Home/jre/lib/libjfxwebkit.dylib
0x0000000125154000 	cl_kernels
0x000000012a4fd000 	/System/Library/Frameworks/OpenCL.framework/Versions/A/Libraries/ImageFormats/unorm8_bgra.dylib
0x00000001251ed000 	cl_kernels
0x000000012a4c1000 	/Library/Java/JavaVirtualMachines/jdk1.8.0_40.jdk/Contents/Home/jre/lib/libprism_common.dylib
0x000000012c3bb000 	/Library/Java/JavaVirtualMachines/jdk1.8.0_40.jdk/Contents/Home/jre/lib/libsunec.dylib
0x0000000131fb4000 	/Library/Java/JavaVirtualMachines/jdk1.8.0_40.jdk/Contents/Home/jre/lib/libjavafx_iio.dylib

VM Arguments:
jvm_args: -Didea.launcher.port=7532 -Didea.launcher.bin.path=/Applications/IntelliJ IDEA 14 CE.app/Contents/bin -Dfile.encoding=UTF-8 
java_command: com.intellij.rt.execution.application.AppMain at.ac.tuwien.qse.sepm.gui.App
java_class_path (initial): /Library/Java/JavaVirtualMachines/jdk1.8.0_40.jdk/Contents/Home/lib/ant-javafx.jar:/Library/Java/JavaVirtualMachines/jdk1.8.0_40.jdk/Contents/Home/lib/dt.jar:/Library/Java/JavaVirtualMachines/jdk1.8.0_40.jdk/Contents/Home/lib/javafx-mx.jar:/Library/Java/JavaVirtualMachines/jdk1.8.0_40.jdk/Contents/Home/lib/jconsole.jar:/Library/Java/JavaVirtualMachines/jdk1.8.0_40.jdk/Contents/Home/lib/packager.jar:/Library/Java/JavaVirtualMachines/jdk1.8.0_40.jdk/Contents/Home/lib/sa-jdi.jar:/Library/Java/JavaVirtualMachines/jdk1.8.0_40.jdk/Contents/Home/lib/tools.jar:/Library/Java/JavaVirtualMachines/jdk1.8.0_40.jdk/Contents/Home/jre/lib/charsets.jar:/Library/Java/JavaVirtualMachines/jdk1.8.0_40.jdk/Contents/Home/jre/lib/deploy.jar:/Library/Java/JavaVirtualMachines/jdk1.8.0_40.jdk/Contents/Home/jre/lib/javaws.jar:/Library/Java/JavaVirtualMachines/jdk1.8.0_40.jdk/Contents/Home/jre/lib/jce.jar:/Library/Java/JavaVirtualMachines/jdk1.8.0_40.jdk/Contents/Home/jre/lib/jfr.jar:/Library/Java/JavaVirtualMachines/jdk1.8.0_40.jdk/Contents/Home/jre/lib/jfxswt.jar:/Library/Java/JavaVirtualMachines/jdk1.8.0_40.jdk/Contents/Home/jre/lib/jsse.jar:/Library/Java/JavaVirtualMachines/jdk1.8.0_40.jdk/Contents/Home/jre/lib/management-agent.jar:/Library/Java/JavaVirtualMachines/jdk1.8.0_40.jdk/Contents/Home/jre/lib/plugin.jar:/Library/Java/JavaVirtualMachines/jdk1.8.0_40.jdk/Contents/Home/jre/lib/resources.jar:/Library/Java/JavaVirtualMachines/jdk1.8.0_40.jdk/Contents/Home/jre/lib/rt.jar:/Library/Java/JavaVirtualMachines/jdk1.8.0_40.jdk/Contents/Home/jre/lib/ext/cldrdata.jar:/Library/Java/JavaVirtualMachines/jdk1.8.0_40.jdk/Contents/Home/jre/lib/ext/dnsns.jar:/Library/Java/JavaVirtualMachines/jdk1.8.0_40.jdk/Contents/Home/jre/lib/ext/jfxrt.jar:/Library/Java/JavaVirtualMachines/jdk1.8.0_40.jdk/Contents/Home/jre/lib/ext/localedata.jar:/Library/Java/JavaVirtualMachines/jdk1.8.0_40.jdk/Contents/Home/jre/lib/ext/nashorn.jar:/Library/Java/JavaVirtualMachines/jdk1.8.0_40.jdk/Conten
Launcher Type: SUN_STANDARD

Environment Variables:
PATH=/usr/local/bin:/usr/local/subversion/bin:/usr/local/bin:/usr/bin:/bin:/usr/sbin:/sbin:/opt/X11/bin:/usr/local/git/bin
SHELL=/bin/bash
DISPLAY=/private/tmp/com.apple.launchd.Cp6IYRJxjs/org.macosforge.xquartz:0

Signal Handlers:
SIGSEGV: [libjvm.dylib+0x58ef95], sa_mask[0]=11111111011111110111111111111111, sa_flags=SA_ONSTACK|SA_RESTART|SA_SIGINFO
SIGBUS: [libjvm.dylib+0x58ef95], sa_mask[0]=11111111011111110111111111111111, sa_flags=SA_RESTART|SA_SIGINFO
SIGFPE: [libjvm.dylib+0x46c118], sa_mask[0]=11111111011111110111111111111111, sa_flags=SA_RESTART|SA_SIGINFO
SIGPIPE: [libjvm.dylib+0x46c118], sa_mask[0]=11111111011111110111111111111111, sa_flags=SA_RESTART|SA_SIGINFO
SIGXFSZ: [libjvm.dylib+0x46c118], sa_mask[0]=11111111011111110111111111111111, sa_flags=SA_RESTART|SA_SIGINFO
SIGILL: [libjvm.dylib+0x46c118], sa_mask[0]=11111111011111110111111111111111, sa_flags=SA_RESTART|SA_SIGINFO
SIGUSR1: SIG_DFL, sa_mask[0]=00000000000000000000000000000000, sa_flags=none
SIGUSR2: [libjvm.dylib+0x46bc36], sa_mask[0]=00100000000000000000000000000000, sa_flags=SA_RESTART|SA_SIGINFO
SIGHUP: [libjvm.dylib+0x46a209], sa_mask[0]=11111111011111110111111111111111, sa_flags=SA_RESTART|SA_SIGINFO
SIGINT: [libjvm.dylib+0x46a209], sa_mask[0]=11111111011111110111111111111111, sa_flags=SA_RESTART|SA_SIGINFO
SIGTERM: [libjvm.dylib+0x46a209], sa_mask[0]=11111111011111110111111111111111, sa_flags=SA_RESTART|SA_SIGINFO
SIGQUIT: [libjvm.dylib+0x46a209], sa_mask[0]=11111111011111110111111111111111, sa_flags=SA_RESTART|SA_SIGINFO


---------------  S Y S T E M  ---------------

OS:Bsduname:Darwin 14.3.0 Darwin Kernel Version 14.3.0: Mon Mar 23 11:59:05 PDT 2015; root:xnu-2782.20.48~5/RELEASE_X86_64 x86_64
rlimit: STACK 8192k, CORE 0k, NPROC 709, NOFILE 10240, AS infinity
load average:2.76 3.27 3.43

CPU:total 8 (4 cores per cpu, 2 threads per core) family 6 model 58 stepping 9, cmov, cx8, fxsr, mmx, sse, sse2, sse3, ssse3, sse4.1, sse4.2, popcnt, avx, aes, clmul, erms, ht, tsc, tscinvbit, tscinv

Memory: 4k page, physical 8388608k(148312k free)

/proc/meminfo:


vm_info: Java HotSpot(TM) 64-Bit Server VM (25.40-b25) for bsd-amd64 JRE (1.8.0_40-b25), built on Feb 10 2015 21:07:25 by "java_re" with gcc 4.2.1 (Based on Apple Inc. build 5658) (LLVM build 2336.11.00)

time: Wed May 20 11:58:23 2015
elapsed time: 9 seconds (0d 0h 0m 9s)

